<?xml version="1.0" encoding="UTF-8"?>
<!-- Generated by org.testng.reporters.JUnitReportReporter -->
<testsuite hostname="RU1202197827" name="com.example.tests.CopyOfGroupCreationTests" tests="2" failures="0" timestamp="24 Jun 2015 13:57:37 GMT" time="3.298" errors="0">
  <testcase name="testValidGr" time="1.675" classname="com.example.tests.CopyOfGroupCreationTests"/>
  <testcase name="testGroupWithEmptyDataCanBeCreated" time="1.623" classname="com.example.tests.CopyOfGroupCreationTests"/>
</testsuite> <!-- com.example.tests.CopyOfGroupCreationTests -->
