<?xml version="1.0" encoding="UTF-8"?>
<!-- Generated by org.testng.reporters.JUnitReportReporter -->
<testsuite hostname="RU1202197827" name="com.example.tests.GroupCreationTests" tests="2" failures="0" timestamp="24 Jun 2015 13:57:37 GMT" time="3.569" errors="0">
  <testcase name="testValidGr" time="1.634" classname="com.example.tests.GroupCreationTests"/>
  <testcase name="testGroupWithEmptyDataCanBeCreated" time="1.935" classname="com.example.tests.GroupCreationTests"/>
</testsuite> <!-- com.example.tests.GroupCreationTests -->
